<?xml version="1.0" encoding="UTF-8"?>
<!-- Generated by org.testng.reporters.JUnitReportReporter -->
<testsuite hostname="vamsi" name="com.tm.TestCases.TestCases_Leave" tests="3" failures="0" timestamp="3 Mar 2020 13:32:35 GMT" time="167.541" errors="0">
  <testcase name="TC103_FilterAndVerifyLeaveStatus" time="20.133" classname="com.tm.TestCases.TestCases_Leave"/>
  <testcase name="TC101_verifyLoginFunctionality" time="74.766" classname="com.tm.TestCases.TestCases_Leave"/>
  <testcase name="TC102_ApplyLeave" time="72.642" classname="com.tm.TestCases.TestCases_Leave"/>
</testsuite> <!-- com.tm.TestCases.TestCases_Leave -->
